<?xml version="1.0" encoding="UTF-8"?>
<!-- Generated by org.testng.reporters.JUnitXMLReporter -->
<testsuite ignored="0" hostname="AgentVM" failures="3" tests="3" name="Tested on Client Website on Chrome" time="3.373" errors="0" timestamp="16 Sep 2021 16:34:22 GMT">
  <testcase classname="src.com.pack.base.TestBaseSetup" name="@AfterClass tearDown" time="0.0">
    <failure type="java.lang.NullPointerException" message="Cannot invoke &amp;quot;org.openqa.selenium.WebDriver.quit()&amp;quot; because &amp;quot;src.com.pack.base.TestBaseSetup.driver&amp;quot; is null">
      <![CDATA[java.lang.NullPointerException: Cannot invoke "org.openqa.selenium.WebDriver.quit()" because "src.com.pack.base.TestBaseSetup.driver" is nullat src.com.pack.base.TestBaseSetup.tearDown(TestBaseSetup.java:207)... Removed 27 stack frames]]>
    </failure>
  </testcase> <!-- @AfterClass tearDown -->
  <testcase classname="src.com.pack.common.tests.SignUpTest" name="Signup" time="0.008">
    <failure type="java.lang.NullPointerException" message="Cannot invoke &amp;quot;org.openqa.selenium.SearchContext.findElement(org.openqa.selenium.By)&amp;quot; because &amp;quot;this.searchContext&amp;quot; is null">
      <![CDATA[java.lang.NullPointerException: Cannot invoke "org.openqa.selenium.SearchContext.findElement(org.openqa.selenium.By)" because "this.searchContext" is nullat org.openqa.selenium.support.pagefactory.DefaultElementLocator.findElement(DefaultElementLocator.java:69)at org.openqa.selenium.support.pagefactory.internal.LocatingElementHandler.invoke(LocatingElementHandler.java:38)at jdk.proxy2/jdk.proxy2.$Proxy14.click(Unknown Source)at src.com.pack.common.pageobjects.LoginPage.logInlink(LoginPage.java:32)at src.com.pack.common.tests.SignUpTest.Signup(SignUpTest.java:54)... Removed 26 stack frames]]>
    </failure>
  </testcase> <!-- Signup -->
  <testcase classname="src.com.pack.common.tests.SignUpTest" name="verifyuserinAdmin" time="0.002">
    <failure type="java.lang.NullPointerException" message="Cannot invoke &amp;quot;org.openqa.selenium.WebDriver.navigate()&amp;quot; because &amp;quot;this.driver&amp;quot; is null">
      <![CDATA[java.lang.NullPointerException: Cannot invoke "org.openqa.selenium.WebDriver.navigate()" because "this.driver" is nullat src.com.pack.common.tests.SignUpTest.verifyuserinAdmin(SignUpTest.java:66)... Removed 26 stack frames]]>
    </failure>
  </testcase> <!-- verifyuserinAdmin -->
  <testcase classname="src.com.pack.common.tests.SignUpTest" name="VerifyEmail" time="0.004">
    <failure type="java.lang.NullPointerException" message="Cannot invoke &amp;quot;org.openqa.selenium.WebDriver.navigate()&amp;quot; because &amp;quot;this.driver&amp;quot; is null">
      <![CDATA[java.lang.NullPointerException: Cannot invoke "org.openqa.selenium.WebDriver.navigate()" because "this.driver" is nullat src.com.pack.common.pageobjects.EmailCheckPage.openOutlook(EmailCheckPage.java:54)at src.com.pack.common.tests.SignUpTest.VerifyEmail(SignUpTest.java:73)... Removed 26 stack frames]]>
    </failure>
  </testcase> <!-- VerifyEmail -->
</testsuite> <!-- Tested on Client Website on Chrome -->
