<?xml version="1.0" encoding="UTF-8"?>
<!-- Generated by org.testng.reporters.JUnitXMLReporter -->
<testsuite ignored="0" hostname="AgentVM" failures="1" tests="27" name="Default test" time="27.506" errors="0" timestamp="16 Sep 2021 16:37:27 GMT">
  <testcase classname="src.com.pack.base.TestBaseSetup" name="@AfterClass tearDown" time="0.001">
    <failure type="java.lang.NullPointerException" message="Cannot invoke &amp;quot;org.openqa.selenium.WebDriver.quit()&amp;quot; because &amp;quot;src.com.pack.base.TestBaseSetup.driver&amp;quot; is null">
      <![CDATA[java.lang.NullPointerException: Cannot invoke "org.openqa.selenium.WebDriver.quit()" because "src.com.pack.base.TestBaseSetup.driver" is nullat src.com.pack.base.TestBaseSetup.tearDown(TestBaseSetup.java:207)at java.base/jdk.internal.reflect.NativeMethodAccessorImpl.invoke0(Native Method)at java.base/jdk.internal.reflect.NativeMethodAccessorImpl.invoke(NativeMethodAccessorImpl.java:78)at java.base/jdk.internal.reflect.DelegatingMethodAccessorImpl.invoke(DelegatingMethodAccessorImpl.java:43)at java.base/java.lang.reflect.Method.invoke(Method.java:567)at org.testng.internal.MethodInvocationHelper.invokeMethod(MethodInvocationHelper.java:124)at org.testng.internal.MethodInvocationHelper.invokeMethodConsideringTimeout(MethodInvocationHelper.java:59)at org.testng.internal.Invoker.invokeConfigurationMethod(Invoker.java:451)at org.testng.internal.Invoker.invokeConfigurations(Invoker.java:222)at org.testng.internal.Invoker.invokeConfigurations(Invoker.java:142)at org.testng.internal.TestMethodWorker.invokeAfterClassMethods(TestMethodWorker.java:208)at org.testng.internal.TestMethodWorker.run(TestMethodWorker.java:111)at org.testng.TestRunner.privateRun(TestRunner.java:648)at org.testng.TestRunner.run(TestRunner.java:505)at org.testng.SuiteRunner.runTest(SuiteRunner.java:455)at org.testng.SuiteRunner.runSequentially(SuiteRunner.java:450)at org.testng.SuiteRunner.privateRun(SuiteRunner.java:415)at org.testng.SuiteRunner.run(SuiteRunner.java:364)at org.testng.SuiteRunnerWorker.runSuite(SuiteRunnerWorker.java:52)at org.testng.SuiteRunnerWorker.run(SuiteRunnerWorker.java:84)at org.testng.TestNG.runSuitesSequentially(TestNG.java:1187)at org.testng.TestNG.runSuitesLocally(TestNG.java:1116)at org.testng.TestNG.runSuites(TestNG.java:1028)at org.testng.TestNG.run(TestNG.java:996)at org.testng.remote.AbstractRemoteTestNG.run(AbstractRemoteTestNG.java:115)at org.testng.remote.RemoteTestNG.initAndRun(RemoteTestNG.java:251)at org.testng.remote.RemoteTestNG.main(RemoteTestNG.java:77)]]>
    </failure>
  </testcase> <!-- @AfterClass tearDown -->
  <testcase classname="src.com.pack.base.TestBaseSetup" name="@BeforeClass initializeTestBaseSetup" time="0.0">
    <skipped/>
  </testcase> <!-- @BeforeClass initializeTestBaseSetup -->
  <testcase classname="src.com.pack.common.tests.CDealCreateTest" name="@BeforeClass setUp" time="0.0">
    <skipped/>
  </testcase> <!-- @BeforeClass setUp -->
  <testcase classname="src.com.pack.base.TestBaseSetup" name="@AfterClass tearDown" time="0.0">
    <skipped/>
  </testcase> <!-- @AfterClass tearDown -->
  <testcase classname="src.com.pack.base.TestBaseSetup" name="@BeforeClass initializeTestBaseSetup" time="0.0">
    <skipped/>
  </testcase> <!-- @BeforeClass initializeTestBaseSetup -->
  <testcase classname="src.com.pack.common.tests.ADealInvestorPageTest" name="@BeforeClass setUp" time="0.0">
    <skipped/>
  </testcase> <!-- @BeforeClass setUp -->
  <testcase classname="src.com.pack.base.TestBaseSetup" name="@BeforeClass initializeTestBaseSetup" time="0.0">
    <skipped/>
  </testcase> <!-- @BeforeClass initializeTestBaseSetup -->
  <testcase classname="src.com.pack.common.tests.ADeletePageTest" name="@BeforeClass setUp" time="0.0">
    <skipped/>
  </testcase> <!-- @BeforeClass setUp -->
  <testcase classname="src.com.pack.base.TestBaseSetup" name="@BeforeClass initializeTestBaseSetup" time="0.0">
    <skipped/>
  </testcase> <!-- @BeforeClass initializeTestBaseSetup -->
  <testcase classname="src.com.pack.common.tests.IconPageTest" name="@BeforeClass setUp" time="0.0">
    <skipped/>
  </testcase> <!-- @BeforeClass setUp -->
  <testcase classname="src.com.pack.base.TestBaseSetup" name="@BeforeClass initializeTestBaseSetup" time="0.0">
    <skipped/>
  </testcase> <!-- @BeforeClass initializeTestBaseSetup -->
  <testcase classname="src.com.pack.common.tests.SignUpTest" name="@BeforeClass setUp" time="0.0">
    <skipped/>
  </testcase> <!-- @BeforeClass setUp -->
  <testcase classname="src.com.pack.base.TestBaseSetup" name="@BeforeClass initializeTestBaseSetup" time="0.0">
    <skipped/>
  </testcase> <!-- @BeforeClass initializeTestBaseSetup -->
  <testcase classname="src.com.pack.common.tests.DealViewTest" name="@BeforeClass setUp" time="0.0">
    <skipped/>
  </testcase> <!-- @BeforeClass setUp -->
  <testcase classname="src.com.pack.base.TestBaseSetup" name="@BeforeClass initializeTestBaseSetup" time="0.0">
    <skipped/>
  </testcase> <!-- @BeforeClass initializeTestBaseSetup -->
  <testcase classname="src.com.pack.common.tests.ADealCreateTest" name="@BeforeClass setUp" time="0.0">
    <skipped/>
  </testcase> <!-- @BeforeClass setUp -->
  <testcase classname="src.com.pack.base.TestBaseSetup" name="@BeforeClass initializeTestBaseSetup" time="0.0">
    <skipped/>
  </testcase> <!-- @BeforeClass initializeTestBaseSetup -->
  <testcase classname="src.com.pack.common.tests.AInvestonDealTest" name="@BeforeClass setUp" time="0.0">
    <skipped/>
  </testcase> <!-- @BeforeClass setUp -->
  <testcase classname="src.com.pack.base.TestBaseSetup" name="@BeforeClass initializeTestBaseSetup" time="0.0">
    <skipped/>
  </testcase> <!-- @BeforeClass initializeTestBaseSetup -->
  <testcase classname="src.com.pack.common.tests.RegistrationTest" name="@BeforeClass setUp" time="0.0">
    <skipped/>
  </testcase> <!-- @BeforeClass setUp -->
  <testcase classname="src.com.pack.base.TestBaseSetup" name="@AfterClass tearDown" time="0.0">
    <skipped/>
  </testcase> <!-- @AfterClass tearDown -->
  <testcase classname="src.com.pack.base.TestBaseSetup" name="@AfterClass tearDown" time="0.0">
    <skipped/>
  </testcase> <!-- @AfterClass tearDown -->
  <testcase classname="src.com.pack.base.TestBaseSetup" name="@AfterClass tearDown" time="0.0">
    <skipped/>
  </testcase> <!-- @AfterClass tearDown -->
  <testcase classname="src.com.pack.base.TestBaseSetup" name="@AfterClass tearDown" time="0.0">
    <skipped/>
  </testcase> <!-- @AfterClass tearDown -->
  <testcase classname="src.com.pack.base.TestBaseSetup" name="@AfterClass tearDown" time="0.0">
    <skipped/>
  </testcase> <!-- @AfterClass tearDown -->
  <testcase classname="src.com.pack.base.TestBaseSetup" name="@AfterClass tearDown" time="0.0">
    <skipped/>
  </testcase> <!-- @AfterClass tearDown -->
  <testcase classname="src.com.pack.base.TestBaseSetup" name="@AfterClass tearDown" time="0.0">
    <skipped/>
  </testcase> <!-- @AfterClass tearDown -->
  <testcase classname="src.com.pack.base.TestBaseSetup" name="@AfterClass tearDown" time="0.0">
    <skipped/>
  </testcase> <!-- @AfterClass tearDown -->
  <testcase classname="src.com.pack.common.tests.LoginPageTest" name="CheckLoginPageTest" time="0.046">
    <failure type="java.lang.NullPointerException" message="Cannot invoke &amp;quot;org.openqa.selenium.SearchContext.findElement(org.openqa.selenium.By)&amp;quot; because &amp;quot;this.searchContext&amp;quot; is null">
      <![CDATA[java.lang.NullPointerException: Cannot invoke "org.openqa.selenium.SearchContext.findElement(org.openqa.selenium.By)" because "this.searchContext" is nullat org.openqa.selenium.support.pagefactory.DefaultElementLocator.findElement(DefaultElementLocator.java:69)at org.openqa.selenium.support.pagefactory.internal.LocatingElementHandler.invoke(LocatingElementHandler.java:38)at jdk.proxy2/jdk.proxy2.$Proxy14.click(Unknown Source)at src.com.pack.common.pageobjects.LoginPage.submitBtn(LoginPage.java:65)at src.com.pack.common.tests.LoginPageTest.CheckLoginPageTest(LoginPageTest.java:28)at java.base/jdk.internal.reflect.NativeMethodAccessorImpl.invoke0(Native Method)at java.base/jdk.internal.reflect.NativeMethodAccessorImpl.invoke(NativeMethodAccessorImpl.java:78)at java.base/jdk.internal.reflect.DelegatingMethodAccessorImpl.invoke(DelegatingMethodAccessorImpl.java:43)at java.base/java.lang.reflect.Method.invoke(Method.java:567)at org.testng.internal.MethodInvocationHelper.invokeMethod(MethodInvocationHelper.java:124)at org.testng.internal.Invoker.invokeMethod(Invoker.java:571)at org.testng.internal.Invoker.invokeTestMethod(Invoker.java:707)at org.testng.internal.Invoker.invokeTestMethods(Invoker.java:979)at org.testng.internal.TestMethodWorker.invokeTestMethods(TestMethodWorker.java:125)at org.testng.internal.TestMethodWorker.run(TestMethodWorker.java:109)at org.testng.TestRunner.privateRun(TestRunner.java:648)at org.testng.TestRunner.run(TestRunner.java:505)at org.testng.SuiteRunner.runTest(SuiteRunner.java:455)at org.testng.SuiteRunner.runSequentially(SuiteRunner.java:450)at org.testng.SuiteRunner.privateRun(SuiteRunner.java:415)at org.testng.SuiteRunner.run(SuiteRunner.java:364)at org.testng.SuiteRunnerWorker.runSuite(SuiteRunnerWorker.java:52)at org.testng.SuiteRunnerWorker.run(SuiteRunnerWorker.java:84)at org.testng.TestNG.runSuitesSequentially(TestNG.java:1187)at org.testng.TestNG.runSuitesLocally(TestNG.java:1116)at org.testng.TestNG.runSuites(TestNG.java:1028)at org.testng.TestNG.run(TestNG.java:996)at org.testng.remote.AbstractRemoteTestNG.run(AbstractRemoteTestNG.java:115)at org.testng.remote.RemoteTestNG.initAndRun(RemoteTestNG.java:251)at org.testng.remote.RemoteTestNG.main(RemoteTestNG.java:77)]]>
    </failure>
  </testcase> <!-- CheckLoginPageTest -->
  <testcase classname="src.com.pack.common.tests.CDealCreateTest" name="dealDetails" time="0.0">
    <skipped/>
  </testcase> <!-- dealDetails -->
  <testcase classname="src.com.pack.common.tests.ADealInvestorPageTest" name="verifyuserinAdmin" time="0.0">
    <skipped/>
  </testcase> <!-- verifyuserinAdmin -->
  <testcase classname="src.com.pack.common.tests.ADeletePageTest" name="adeleteInvestorImage" time="0.0">
    <skipped/>
  </testcase> <!-- adeleteInvestorImage -->
  <testcase classname="src.com.pack.common.tests.IconPageTest" name="NotificationSet" time="0.0">
    <skipped/>
  </testcase> <!-- NotificationSet -->
  <testcase classname="src.com.pack.common.tests.SignUpTest" name="Signup" time="0.0">
    <skipped/>
  </testcase> <!-- Signup -->
  <testcase classname="src.com.pack.common.tests.DealViewTest" name="InvitationsDeal" time="0.0">
    <skipped/>
  </testcase> <!-- InvitationsDeal -->
  <testcase classname="src.com.pack.common.tests.ADealCreateTest" name="MandatoryFieldDeal" time="0.0">
    <skipped/>
  </testcase> <!-- MandatoryFieldDeal -->
  <testcase classname="src.com.pack.common.tests.AInvestonDealTest" name="aUploadDocumentOnDeal" time="0.0">
    <skipped/>
  </testcase> <!-- aUploadDocumentOnDeal -->
  <testcase classname="src.com.pack.common.tests.RegistrationTest" name="selfAccredition" time="0.0">
    <skipped/>
  </testcase> <!-- selfAccredition -->
  <testcase classname="src.com.pack.common.tests.ADeletePageTest" name="bdeleteDeal" time="0.0">
    <skipped/>
  </testcase> <!-- bdeleteDeal -->
  <testcase classname="src.com.pack.common.tests.ADealCreateTest" name="CreateDealAdmin" time="0.0">
    <skipped/>
  </testcase> <!-- CreateDealAdmin -->
  <testcase classname="src.com.pack.common.tests.ADealInvestorPageTest" name="updateContactDetail" time="0.0">
    <skipped/>
  </testcase> <!-- updateContactDetail -->
  <testcase classname="src.com.pack.common.tests.AInvestonDealTest" name="bInvestonDeal" time="0.0">
    <skipped/>
  </testcase> <!-- bInvestonDeal -->
  <testcase classname="src.com.pack.common.tests.IconPageTest" name="MyProfileDetails" time="0.0">
    <skipped/>
  </testcase> <!-- MyProfileDetails -->
  <testcase classname="src.com.pack.common.tests.SignUpTest" name="verifyuserinAdmin" time="0.0">
    <skipped/>
  </testcase> <!-- verifyuserinAdmin -->
  <testcase classname="src.com.pack.common.tests.DealViewTest" name="MyOriginationDeal" time="0.0">
    <skipped/>
  </testcase> <!-- MyOriginationDeal -->
  <testcase classname="src.com.pack.common.tests.RegistrationTest" name="contactInfo" time="0.0">
    <skipped/>
  </testcase> <!-- contactInfo -->
  <testcase classname="src.com.pack.common.tests.ADealInvestorPageTest" name="updateRegistrationStatus" time="0.0">
    <skipped/>
  </testcase> <!-- updateRegistrationStatus -->
  <testcase classname="src.com.pack.common.tests.AInvestonDealTest" name="cverifyAmountInvestor" time="0.0">
    <skipped/>
  </testcase> <!-- cverifyAmountInvestor -->
  <testcase classname="src.com.pack.common.tests.SignUpTest" name="VerifyEmail" time="0.0">
    <skipped/>
  </testcase> <!-- VerifyEmail -->
  <testcase classname="src.com.pack.common.tests.DealViewTest" name="OpenHuddlesDeal" time="0.0">
    <skipped/>
  </testcase> <!-- OpenHuddlesDeal -->
  <testcase classname="src.com.pack.common.tests.RegistrationTest" name="bankDetail" time="0.0">
    <skipped/>
  </testcase> <!-- bankDetail -->
  <testcase classname="src.com.pack.common.tests.ADealInvestorPageTest" name="AddDepositAmount" time="0.0">
    <skipped/>
  </testcase> <!-- AddDepositAmount -->
  <testcase classname="src.com.pack.common.tests.AInvestonDealTest" name="dDeleteInvestment" time="0.0">
    <skipped/>
  </testcase> <!-- dDeleteInvestment -->
  <testcase classname="src.com.pack.common.tests.RegistrationTest" name="documents" time="0.0">
    <skipped/>
  </testcase> <!-- documents -->
  <testcase classname="src.com.pack.common.tests.ADealInvestorPageTest" name="UploadUserDocuments" time="0.0">
    <skipped/>
  </testcase> <!-- UploadUserDocuments -->
</testsuite> <!-- Default test -->
