<?xml version="1.0" encoding="UTF-8"?>
<!-- Generated by org.testng.reporters.JUnitXMLReporter -->
<testsuite ignored="0" hostname="AgentVM" failures="0" tests="4" name="Command line test" time="4.061" errors="0" timestamp="16 Sep 2021 17:07:49 GMT">
  <testcase classname="src.com.pack.base.TestBaseSetup" name="@BeforeClass initializeTestBaseSetup" time="0.0">
    <failure type="org.testng.TestNGException" message="
Parameter &amp;apos;browserType&amp;apos; is required by BeforeClass on method initializeTestBaseSetup but has not been marked @Optional or defined
">
      <![CDATA[org.testng.TestNGException: Parameter 'browserType' is required by BeforeClass on method initializeTestBaseSetup but has not been marked @Optional or defined... Removed 33 stack frames]]>
    </failure>
  </testcase> <!-- @BeforeClass initializeTestBaseSetup -->
  <testcase classname="src.com.pack.common.tests.LoginPageTest" name="@BeforeClass setUp" time="0.0">
    <skipped/>
  </testcase> <!-- @BeforeClass setUp -->
  <testcase classname="src.com.pack.base.TestBaseSetup" name="@AfterClass tearDown" time="0.0">
    <skipped/>
  </testcase> <!-- @AfterClass tearDown -->
  <testcase classname="src.com.pack.base.TestBaseSetup" name="@BeforeClass initializeTestBaseSetup" time="0.0">
    <skipped/>
  </testcase> <!-- @BeforeClass initializeTestBaseSetup -->
  <testcase classname="src.com.pack.common.tests.DealViewTest" name="@BeforeClass setUp" time="0.0">
    <skipped/>
  </testcase> <!-- @BeforeClass setUp -->
  <testcase classname="src.com.pack.base.TestBaseSetup" name="@BeforeClass initializeTestBaseSetup" time="0.0">
    <skipped/>
  </testcase> <!-- @BeforeClass initializeTestBaseSetup -->
  <testcase classname="src.com.pack.common.tests.IconPageTest" name="@BeforeClass setUp" time="0.0">
    <skipped/>
  </testcase> <!-- @BeforeClass setUp -->
  <testcase classname="src.com.pack.base.TestBaseSetup" name="@BeforeClass initializeTestBaseSetup" time="0.0">
    <skipped/>
  </testcase> <!-- @BeforeClass initializeTestBaseSetup -->
  <testcase classname="src.com.pack.common.tests.CDealCreateTest" name="@BeforeClass setUp" time="0.0">
    <skipped/>
  </testcase> <!-- @BeforeClass setUp -->
  <testcase classname="src.com.pack.base.TestBaseSetup" name="@AfterClass tearDown" time="0.0">
    <skipped/>
  </testcase> <!-- @AfterClass tearDown -->
  <testcase classname="src.com.pack.common.tests.LoginPageTest" name="CheckLoginPageTest" time="0.0">
    <skipped/>
  </testcase> <!-- CheckLoginPageTest -->
  <testcase classname="src.com.pack.common.tests.DealViewTest" name="InvitationsDeal" time="0.0">
    <skipped/>
  </testcase> <!-- InvitationsDeal -->
  <testcase classname="src.com.pack.common.tests.IconPageTest" name="NotificationSet" time="0.0">
    <skipped/>
  </testcase> <!-- NotificationSet -->
  <testcase classname="src.com.pack.common.tests.CDealCreateTest" name="dealDetails" time="0.0">
    <skipped/>
  </testcase> <!-- dealDetails -->
</testsuite> <!-- Command line test -->
