<!DOCTYPE html PUBLIC "-//W3C//DTD XHTML 1.1//EN" "http://www.w3.org/TR/xhtml11/DTD/xhtml11.dtd">
<html xmlns="http://www.w3.org/1999/xhtml">
<head>
<meta http-equiv="content-type" content="text/html; charset=UTF-8"/>
<title>TestNG Report</title>
<style type="text/css">table {margin-bottom:10px;border-collapse:collapse;empty-cells:show}th,td {border:1px solid #009;padding:.25em .5em}th {vertical-align:bottom}td {vertical-align:top}table a {font-weight:bold}.stripe td {background-color: #E6EBF9}.num {text-align:right}.passedodd td {background-color: #3F3}.passedeven td {background-color: #0A0}.skippedodd td {background-color: #DDD}.skippedeven td {background-color: #CCC}.failedodd td,.attn {background-color: #F33}.failedeven td,.stripe .attn {background-color: #D00}.stacktrace {white-space:pre;font-family:monospace}.totop {font-size:85%;text-align:center;border-bottom:2px solid #000}.invisible {display:none}</style>
</head>
<body>
<table>
<tr><th>Test</th><th># Passed</th><th># Skipped</th><th># Failed</th><th>Time (ms)</th><th>Included Groups</th><th>Excluded Groups</th></tr>
<tr><th colspan="7">Command line suite</th></tr>
<tr><td><a href="#t0">Command line test</a></td><td class="num">0</td><td class="num attn">4</td><td class="num">0</td><td class="num">4,061</td><td></td><td></td></tr>
</table>
<table id='summary'><thead><tr><th>Class</th><th>Method</th><th>Start</th><th>Time (ms)</th></tr></thead><tbody><tr><th colspan="4">Command line suite</th></tr></tbody><tbody id="t0"><tr><th colspan="4">Command line test &#8212; failed (configuration methods)</th></tr><tr class="failedeven"><td rowspan="1">src.com.pack.common.tests.LoginPageTest</td><td><a href="#m0">initializeTestBaseSetup</a></td><td rowspan="1">1631812065552</td><td rowspan="1">0</td></tr><tr><th colspan="4">Command line test &#8212; skipped (configuration methods)</th></tr><tr class="skippedeven"><td rowspan="3">src.com.pack.common.tests.CDealCreateTest</td><td><a href="#m1">initializeTestBaseSetup</a></td><td rowspan="1">1631812068593</td><td rowspan="1">0</td></tr><tr class="skippedeven"><td><a href="#m2">setUp</a></td><td rowspan="1">1631812068593</td><td rowspan="1">0</td></tr><tr class="skippedeven"><td><a href="#m3">tearDown</a></td><td rowspan="1">1631812069594</td><td rowspan="1">0</td></tr><tr class="skippedodd"><td rowspan="2">src.com.pack.common.tests.DealViewTest</td><td><a href="#m4">initializeTestBaseSetup</a></td><td rowspan="1">1631812066585</td><td rowspan="1">0</td></tr><tr class="skippedodd"><td><a href="#m5">setUp</a></td><td rowspan="1">1631812066585</td><td rowspan="1">0</td></tr><tr class="skippedeven"><td rowspan="2">src.com.pack.common.tests.IconPageTest</td><td><a href="#m6">initializeTestBaseSetup</a></td><td rowspan="1">1631812067589</td><td rowspan="1">0</td></tr><tr class="skippedeven"><td><a href="#m7">setUp</a></td><td rowspan="1">1631812067589</td><td rowspan="1">0</td></tr><tr class="skippedodd"><td rowspan="2">src.com.pack.common.tests.LoginPageTest</td><td><a href="#m8">setUp</a></td><td rowspan="1">1631812065564</td><td rowspan="1">0</td></tr><tr class="skippedodd"><td><a href="#m9">tearDown</a></td><td rowspan="1">1631812066583</td><td rowspan="1">0</td></tr><tr><th colspan="4">Command line test &#8212; skipped</th></tr><tr class="skippedeven"><td rowspan="1">src.com.pack.common.tests.CDealCreateTest</td><td><a href="#m10">dealDetails</a></td><td rowspan="1">1631812068593</td><td rowspan="1">0</td></tr><tr class="skippedodd"><td rowspan="1">src.com.pack.common.tests.DealViewTest</td><td><a href="#m11">InvitationsDeal</a></td><td rowspan="1">1631812066586</td><td rowspan="1">0</td></tr><tr class="skippedeven"><td rowspan="1">src.com.pack.common.tests.IconPageTest</td><td><a href="#m12">NotificationSet</a></td><td rowspan="1">1631812067590</td><td rowspan="1">0</td></tr><tr class="skippedodd"><td rowspan="1">src.com.pack.common.tests.LoginPageTest</td><td><a href="#m13">CheckLoginPageTest</a></td><td rowspan="1">1631812065575</td><td rowspan="1">0</td></tr></tbody>
</table>
<h2>Command line test</h2><h3 id="m0">src.com.pack.common.tests.LoginPageTest#initializeTestBaseSetup</h3><table class="result"><tr><th>Exception</th></tr><tr><td><div class="stacktrace">org.testng.TestNGException: 
Parameter &apos;browserType&apos; is required by BeforeClass on method initializeTestBaseSetup but has not been marked @Optional or defined

... Removed 33 stack frames</div></td></tr></table><p class="totop"><a href="#summary">back to summary</a></p>
<h3 id="m1">src.com.pack.common.tests.CDealCreateTest#initializeTestBaseSetup</h3><table class="result"><tr><th class="invisible"/></tr></table><p class="totop"><a href="#summary">back to summary</a></p>
<h3 id="m2">src.com.pack.common.tests.CDealCreateTest#setUp</h3><table class="result"><tr><th class="invisible"/></tr></table><p class="totop"><a href="#summary">back to summary</a></p>
<h3 id="m3">src.com.pack.common.tests.CDealCreateTest#tearDown</h3><table class="result"><tr><th class="invisible"/></tr></table><p class="totop"><a href="#summary">back to summary</a></p>
<h3 id="m4">src.com.pack.common.tests.DealViewTest#initializeTestBaseSetup</h3><table class="result"><tr><th class="invisible"/></tr></table><p class="totop"><a href="#summary">back to summary</a></p>
<h3 id="m5">src.com.pack.common.tests.DealViewTest#setUp</h3><table class="result"><tr><th class="invisible"/></tr></table><p class="totop"><a href="#summary">back to summary</a></p>
<h3 id="m6">src.com.pack.common.tests.IconPageTest#initializeTestBaseSetup</h3><table class="result"><tr><th class="invisible"/></tr></table><p class="totop"><a href="#summary">back to summary</a></p>
<h3 id="m7">src.com.pack.common.tests.IconPageTest#setUp</h3><table class="result"><tr><th class="invisible"/></tr></table><p class="totop"><a href="#summary">back to summary</a></p>
<h3 id="m8">src.com.pack.common.tests.LoginPageTest#setUp</h3><table class="result"><tr><th class="invisible"/></tr></table><p class="totop"><a href="#summary">back to summary</a></p>
<h3 id="m9">src.com.pack.common.tests.LoginPageTest#tearDown</h3><table class="result"><tr><th class="invisible"/></tr></table><p class="totop"><a href="#summary">back to summary</a></p>
<h3 id="m10">src.com.pack.common.tests.CDealCreateTest#dealDetails</h3><table class="result"><tr><th>Exception</th></tr><tr><td><div class="stacktrace">org.testng.TestNGException: 
Parameter &apos;browserType&apos; is required by BeforeClass on method initializeTestBaseSetup but has not been marked @Optional or defined

... Removed 33 stack frames</div></td></tr></table><p class="totop"><a href="#summary">back to summary</a></p>
<h3 id="m11">src.com.pack.common.tests.DealViewTest#InvitationsDeal</h3><table class="result"><tr><th>Exception</th></tr><tr><td><div class="stacktrace">org.testng.TestNGException: 
Parameter &apos;browserType&apos; is required by BeforeClass on method initializeTestBaseSetup but has not been marked @Optional or defined

... Removed 33 stack frames</div></td></tr></table><p class="totop"><a href="#summary">back to summary</a></p>
<h3 id="m12">src.com.pack.common.tests.IconPageTest#NotificationSet</h3><table class="result"><tr><th>Exception</th></tr><tr><td><div class="stacktrace">org.testng.TestNGException: 
Parameter &apos;browserType&apos; is required by BeforeClass on method initializeTestBaseSetup but has not been marked @Optional or defined

... Removed 33 stack frames</div></td></tr></table><p class="totop"><a href="#summary">back to summary</a></p>
<h3 id="m13">src.com.pack.common.tests.LoginPageTest#CheckLoginPageTest</h3><table class="result"><tr><th>Exception</th></tr><tr><td><div class="stacktrace">org.testng.TestNGException: 
Parameter &apos;browserType&apos; is required by BeforeClass on method initializeTestBaseSetup but has not been marked @Optional or defined

... Removed 33 stack frames</div></td></tr></table><p class="totop"><a href="#summary">back to summary</a></p>
</body>
</html>
